Watching for file changes with StatReloader
Not Found: /api
[20/May/2026 14:26:57] "GET /api HTTP/1.1" 404 3626
Not Found: /
[20/May/2026 14:26:57] "GET / HTTP/1.1" 404 3599
Not Found: /api
[20/May/2026 14:26:57] "GET /api HTTP/1.1" 404 3626
Not Found: /
[20/May/2026 14:27:11] "GET / HTTP/1.1" 404 3599
Not Found: /favicon.ico
[20/May/2026 14:27:11] "GET /favicon.ico HTTP/1.1" 404 3650
Not Found: /
[20/May/2026 14:27:44] "GET / HTTP/1.1" 404 3599
Not Found: /api
[20/May/2026 14:27:44] "GET /api HTTP/1.1" 404 3626
[20/May/2026 14:29:13] "POST /api/auth/login/ HTTP/1.1" 200 4069
[20/May/2026 14:29:13,596] - Broken pipe from ('127.0.0.1', 55461)
[20/May/2026 14:29:26] "POST /api/auth/login/ HTTP/1.1" 200 4069
[20/May/2026 14:29:26,514] - Broken pipe from ('127.0.0.1', 59522)
[20/May/2026 14:33:47] "OPTIONS /api/auth/login/ HTTP/1.1" 200 0
[20/May/2026 14:33:49] "POST /api/auth/login/ HTTP/1.1" 200 4069
[20/May/2026 14:33:49] "OPTIONS /api/auth/me/ HTTP/1.1" 200 0
[20/May/2026 14:33:49] "OPTIONS /api/auth/me/ HTTP/1.1" 200 0
[20/May/2026 14:33:50] "GET /api/auth/me/ HTTP/1.1" 200 3572
[20/May/2026 14:33:51] "GET /api/auth/me/ HTTP/1.1" 200 3572
[20/May/2026 14:33:51] "OPTIONS /api/master-data/currencies/?company_id=1 HTTP/1.1" 200 0
[20/May/2026 14:33:51] "OPTIONS /api/master-data/currencies/?company_id=1 HTTP/1.1" 200 0
[20/May/2026 14:33:51] "GET /api/master-data/currencies/?company_id=1 HTTP/1.1" 200 636
[20/May/2026 14:33:51] "GET /api/master-data/currencies/?company_id=1 HTTP/1.1" 200 636
[20/May/2026 14:33:58] "OPTIONS /api/auth/me/ HTTP/1.1" 200 0
[20/May/2026 14:33:58] "OPTIONS /api/auth/me/ HTTP/1.1" 200 0
[20/May/2026 14:33:58] "GET /api/auth/me/ HTTP/1.1" 200 3572
[20/May/2026 14:33:58] "GET /api/auth/me/ HTTP/1.1" 200 3572
[20/May/2026 14:33:58] "OPTIONS /api/companies/ HTTP/1.1" 200 0
[20/May/2026 14:33:58] "OPTIONS /api/auth/users/ HTTP/1.1" 200 0
[20/May/2026 14:33:58] "OPTIONS /api/auth/roles/ HTTP/1.1" 200 0
[20/May/2026 14:33:58] "OPTIONS /api/auth/permissions/ HTTP/1.1" 200 0
[20/May/2026 14:33:59] "GET /api/companies/ HTTP/1.1" 200 1071
[20/May/2026 14:33:59] "GET /api/auth/permissions/ HTTP/1.1" 200 5945
[20/May/2026 14:33:59] "GET /api/auth/roles/ HTTP/1.1" 200 2311
[20/May/2026 14:33:59] "GET /api/auth/users/ HTTP/1.1" 200 6149
[20/May/2026 14:33:59] "OPTIONS /api/master-data/pipeline-status-templates/?company_id=1 HTTP/1.1" 200 0
[20/May/2026 14:33:59] "OPTIONS /api/master-data/company-industries/?company_id=1 HTTP/1.1" 200 0
[20/May/2026 14:33:59] "OPTIONS /api/master-data/company-industries/?company_id=1 HTTP/1.1" 200 0
[20/May/2026 14:33:59] "OPTIONS /api/master-data/currencies/?company_id=1 HTTP/1.1" 200 0
[20/May/2026 14:33:59] "OPTIONS /api/master-data/currencies/?company_id=1 HTTP/1.1" 200 0
[20/May/2026 14:33:59] "OPTIONS /api/master-data/pipeline-status-templates/?company_id=1 HTTP/1.1" 200 0
[20/May/2026 14:34:00] "GET /api/master-data/company-industries/?company_id=1 HTTP/1.1" 200 773
[20/May/2026 14:34:00] "GET /api/master-data/currencies/?company_id=1 HTTP/1.1" 200 636
[20/May/2026 14:34:00] "GET /api/master-data/company-industries/?company_id=1 HTTP/1.1" 200 773
[20/May/2026 14:34:00] "GET /api/master-data/pipeline-status-templates/?company_id=1 HTTP/1.1" 200 531
[20/May/2026 14:34:00] "GET /api/master-data/pipeline-status-templates/?company_id=1 HTTP/1.1" 200 531
[20/May/2026 14:34:00] "GET /api/master-data/currencies/?company_id=1 HTTP/1.1" 200 636
[20/May/2026 14:34:09] "OPTIONS /api/master-data/company-industries/?company_id=3 HTTP/1.1" 200 0
[20/May/2026 14:34:09] "OPTIONS /api/master-data/currencies/?company_id=3 HTTP/1.1" 200 0
[20/May/2026 14:34:09] "OPTIONS /api/master-data/pipeline-status-templates/?company_id=3 HTTP/1.1" 200 0
[20/May/2026 14:34:09] "GET /api/master-data/currencies/?company_id=3 HTTP/1.1" 200 637
[20/May/2026 14:34:09] "GET /api/master-data/pipeline-status-templates/?company_id=3 HTTP/1.1" 200 532
[20/May/2026 14:34:09] "GET /api/master-data/company-industries/?company_id=3 HTTP/1.1" 200 780
[20/May/2026 14:34:10] "OPTIONS /api/master-data/company-industries/?company_id=1 HTTP/1.1" 200 0
[20/May/2026 14:34:10] "OPTIONS /api/master-data/currencies/?company_id=1 HTTP/1.1" 200 0
[20/May/2026 14:34:10] "OPTIONS /api/master-data/pipeline-status-templates/?company_id=1 HTTP/1.1" 200 0
[20/May/2026 14:34:11] "GET /api/master-data/currencies/?company_id=1 HTTP/1.1" 200 636
[20/May/2026 14:34:11] "GET /api/master-data/company-industries/?company_id=1 HTTP/1.1" 200 773
[20/May/2026 14:34:11] "GET /api/master-data/pipeline-status-templates/?company_id=1 HTTP/1.1" 200 531
[20/May/2026 14:34:12] "OPTIONS /api/master-data/company-industries/?company_id=3 HTTP/1.1" 200 0
[20/May/2026 14:34:12] "OPTIONS /api/master-data/currencies/?company_id=3 HTTP/1.1" 200 0
[20/May/2026 14:34:12] "OPTIONS /api/master-data/pipeline-status-templates/?company_id=3 HTTP/1.1" 200 0
[20/May/2026 14:34:13] "GET /api/master-data/company-industries/?company_id=3 HTTP/1.1" 200 780
[20/May/2026 14:34:13] "GET /api/master-data/currencies/?company_id=3 HTTP/1.1" 200 637
[20/May/2026 14:34:13] "GET /api/master-data/pipeline-status-templates/?company_id=3 HTTP/1.1" 200 532
[20/May/2026 14:34:14] "OPTIONS /api/master-data/company-industries/?company_id=1 HTTP/1.1" 200 0
[20/May/2026 14:34:14] "OPTIONS /api/master-data/currencies/?company_id=1 HTTP/1.1" 200 0
[20/May/2026 14:34:14] "OPTIONS /api/master-data/pipeline-status-templates/?company_id=1 HTTP/1.1" 200 0
[20/May/2026 14:34:15] "GET /api/master-data/company-industries/?company_id=1 HTTP/1.1" 200 773
[20/May/2026 14:34:15] "GET /api/master-data/currencies/?company_id=1 HTTP/1.1" 200 636
[20/May/2026 14:34:15] "GET /api/master-data/pipeline-status-templates/?company_id=1 HTTP/1.1" 200 531
[20/May/2026 14:41:23] "OPTIONS /api/master-data/company-industries/?company_id=3 HTTP/1.1" 200 0
[20/May/2026 14:41:23] "OPTIONS /api/master-data/currencies/?company_id=3 HTTP/1.1" 200 0
[20/May/2026 14:41:23] "OPTIONS /api/master-data/pipeline-status-templates/?company_id=3 HTTP/1.1" 200 0
[20/May/2026 14:41:24] "OPTIONS /api/master-data/company-industries/?company_id=1 HTTP/1.1" 200 0
[20/May/2026 14:41:24] "OPTIONS /api/master-data/currencies/?company_id=1 HTTP/1.1" 200 0
[20/May/2026 14:41:24] "OPTIONS /api/master-data/pipeline-status-templates/?company_id=1 HTTP/1.1" 200 0
[20/May/2026 14:41:24] "GET /api/master-data/company-industries/?company_id=3 HTTP/1.1" 200 780
[20/May/2026 14:41:24] "GET /api/master-data/pipeline-status-templates/?company_id=3 HTTP/1.1" 200 532
[20/May/2026 14:41:24] "GET /api/master-data/currencies/?company_id=3 HTTP/1.1" 200 637
[20/May/2026 14:41:25] "GET /api/master-data/company-industries/?company_id=1 HTTP/1.1" 200 773
[20/May/2026 14:41:25] "GET /api/master-data/currencies/?company_id=1 HTTP/1.1" 200 636
[20/May/2026 14:41:25] "GET /api/master-data/pipeline-status-templates/?company_id=1 HTTP/1.1" 200 531
D:\Youssef\Work\BIM Hive\CRM V2\backend\apps\accounts\permission_catalog.py changed, reloading.
Watching for file changes with StatReloader
D:\Youssef\Work\BIM Hive\CRM V2\backend\apps\accounts\serializers.py changed, reloading.
Watching for file changes with StatReloader
[20/May/2026 14:54:01] "OPTIONS /api/auth/me/ HTTP/1.1" 200 0
[20/May/2026 14:54:04] "GET /api/auth/me/ HTTP/1.1" 200 3572
[20/May/2026 14:54:04] "OPTIONS /api/auth/users/ HTTP/1.1" 200 0
[20/May/2026 14:54:04] "OPTIONS /api/auth/roles/ HTTP/1.1" 200 0
[20/May/2026 14:54:04] "OPTIONS /api/auth/permissions/ HTTP/1.1" 200 0
[20/May/2026 14:54:04] "OPTIONS /api/companies/ HTTP/1.1" 200 0
[20/May/2026 14:54:05] "GET /api/companies/ HTTP/1.1" 200 1071
[20/May/2026 14:54:05] "GET /api/auth/permissions/ HTTP/1.1" 200 5706
[20/May/2026 14:54:05] "GET /api/auth/roles/ HTTP/1.1" 200 2233
[20/May/2026 14:54:06] "GET /api/auth/users/ HTTP/1.1" 200 5993
[20/May/2026 14:54:06] "OPTIONS /api/master-data/company-industries/?company_id=1 HTTP/1.1" 200 0
[20/May/2026 14:54:06] "OPTIONS /api/master-data/pipeline-status-templates/?company_id=1 HTTP/1.1" 200 0
[20/May/2026 14:54:06] "OPTIONS /api/master-data/currencies/?company_id=1 HTTP/1.1" 200 0
[20/May/2026 14:54:06] "OPTIONS /api/master-data/company-industries/?company_id=1 HTTP/1.1" 200 0
[20/May/2026 14:54:06] "OPTIONS /api/master-data/currencies/?company_id=1 HTTP/1.1" 200 0
[20/May/2026 14:54:06] "OPTIONS /api/master-data/pipeline-status-templates/?company_id=1 HTTP/1.1" 200 0
[20/May/2026 14:54:06] "GET /api/master-data/company-industries/?company_id=1 HTTP/1.1" 200 773
[20/May/2026 14:54:06] "GET /api/master-data/currencies/?company_id=1 HTTP/1.1" 200 636
[20/May/2026 14:54:06] "GET /api/master-data/company-industries/?company_id=1 HTTP/1.1" 200 773
[20/May/2026 14:54:06] "GET /api/master-data/pipeline-status-templates/?company_id=1 HTTP/1.1" 200 531
[20/May/2026 14:54:07] "GET /api/master-data/currencies/?company_id=1 HTTP/1.1" 200 636
[20/May/2026 14:54:07] "GET /api/master-data/pipeline-status-templates/?company_id=1 HTTP/1.1" 200 531
[20/May/2026 14:55:48] "OPTIONS /api/auth/login/ HTTP/1.1" 200 0
[20/May/2026 14:55:51] "POST /api/auth/login/ HTTP/1.1" 200 2915
[20/May/2026 14:55:51] "OPTIONS /api/auth/me/ HTTP/1.1" 200 0
[20/May/2026 14:55:51] "OPTIONS /api/auth/me/ HTTP/1.1" 200 0
[20/May/2026 14:55:52] "GET /api/auth/me/ HTTP/1.1" 200 2418
[20/May/2026 14:55:52] "OPTIONS /api/master-data/currencies/?company_id=3 HTTP/1.1" 200 0
[20/May/2026 14:55:52] "OPTIONS /api/master-data/currencies/?company_id=3 HTTP/1.1" 200 0
[20/May/2026 14:55:53] "GET /api/auth/me/ HTTP/1.1" 200 2418
[20/May/2026 14:55:53] "GET /api/master-data/currencies/?company_id=3 HTTP/1.1" 200 637
[20/May/2026 14:55:54] "OPTIONS /api/auth/me/ HTTP/1.1" 200 0
[20/May/2026 14:55:54] "OPTIONS /api/auth/me/ HTTP/1.1" 200 0
[20/May/2026 14:55:54] "GET /api/master-data/currencies/?company_id=3 HTTP/1.1" 200 637
[20/May/2026 14:55:55] "GET /api/auth/me/ HTTP/1.1" 200 2418
[20/May/2026 14:55:55] "OPTIONS /api/auth/users/ HTTP/1.1" 200 0
[20/May/2026 14:55:55] "OPTIONS /api/auth/permissions/ HTTP/1.1" 200 0
[20/May/2026 14:55:55] "OPTIONS /api/auth/roles/ HTTP/1.1" 200 0
[20/May/2026 14:55:55] "OPTIONS /api/companies/ HTTP/1.1" 200 0
[20/May/2026 14:55:55] "GET /api/auth/me/ HTTP/1.1" 200 2418
[20/May/2026 14:55:56] "GET /api/auth/roles/ HTTP/1.1" 200 2
[20/May/2026 14:55:56] "GET /api/companies/ HTTP/1.1" 200 327
[20/May/2026 14:55:57] "GET /api/auth/permissions/ HTTP/1.1" 200 5706
[20/May/2026 14:55:58] "GET /api/auth/users/ HTTP/1.1" 200 2420
[20/May/2026 14:55:58] "OPTIONS /api/master-data/pipeline-status-templates/?company_id=3 HTTP/1.1" 200 0
[20/May/2026 14:55:58] "OPTIONS /api/master-data/pipeline-status-templates/?company_id=3 HTTP/1.1" 200 0
[20/May/2026 14:55:58] "OPTIONS /api/master-data/currencies/?company_id=3 HTTP/1.1" 200 0
[20/May/2026 14:55:58] "OPTIONS /api/master-data/company-industries/?company_id=3 HTTP/1.1" 200 0
[20/May/2026 14:55:58] "OPTIONS /api/master-data/currencies/?company_id=3 HTTP/1.1" 200 0
[20/May/2026 14:55:58] "OPTIONS /api/master-data/company-industries/?company_id=3 HTTP/1.1" 200 0
[20/May/2026 14:55:59] "GET /api/master-data/currencies/?company_id=3 HTTP/1.1" 200 637
[20/May/2026 14:55:59] "GET /api/master-data/pipeline-status-templates/?company_id=3 HTTP/1.1" 200 532
[20/May/2026 14:55:59] "GET /api/master-data/company-industries/?company_id=3 HTTP/1.1" 200 780
[20/May/2026 14:55:59] "GET /api/master-data/company-industries/?company_id=3 HTTP/1.1" 200 780
[20/May/2026 14:55:59] "GET /api/master-data/pipeline-status-templates/?company_id=3 HTTP/1.1" 200 532
[20/May/2026 14:56:00] "GET /api/master-data/currencies/?company_id=3 HTTP/1.1" 200 637
D:\Youssef\Work\BIM Hive\CRM V2\backend\apps\accounts\models.py changed, reloading.
Watching for file changes with StatReloader
D:\Youssef\Work\BIM Hive\CRM V2\backend\apps\masterdata\defaults.py changed, reloading.
Watching for file changes with StatReloader
[20/May/2026 15:06:36] "OPTIONS /api/auth/me/ HTTP/1.1" 200 0
[20/May/2026 15:07:27] "OPTIONS /api/auth/login/ HTTP/1.1" 200 0
[20/May/2026 15:07:31] "POST /api/auth/login/ HTTP/1.1" 200 3775
[20/May/2026 15:07:31] "OPTIONS /api/auth/me/ HTTP/1.1" 200 0
[20/May/2026 15:07:31] "OPTIONS /api/auth/me/ HTTP/1.1" 200 0
[20/May/2026 15:07:32] "GET /api/auth/me/ HTTP/1.1" 200 3278
[20/May/2026 15:07:32] "OPTIONS /api/master-data/currencies/?company_id=3 HTTP/1.1" 200 0
[20/May/2026 15:07:32] "OPTIONS /api/master-data/currencies/?company_id=3 HTTP/1.1" 200 0
[20/May/2026 15:07:33] "GET /api/master-data/currencies/?company_id=3 HTTP/1.1" 200 637
[20/May/2026 15:07:38] "OPTIONS /api/auth/me/ HTTP/1.1" 200 0
[20/May/2026 15:07:38] "OPTIONS /api/auth/me/ HTTP/1.1" 200 0
[20/May/2026 15:07:39] "GET /api/auth/me/ HTTP/1.1" 200 3278
[20/May/2026 15:08:36] "OPTIONS /api/auth/login/ HTTP/1.1" 200 0
Internal Server Error: /api/auth/me/
Traceback (most recent call last):
  File "C:\Users\youss\AppData\Local\Programs\Python\Python310\lib\site-packages\django\db\backends\base\base.py", line 278, in ensure_connection
    self.connect()
  File "C:\Users\youss\AppData\Local\Programs\Python\Python310\lib\site-packages\django\utils\asyncio.py", line 26, in inner
    return func(*args, **kwargs)
  File "C:\Users\youss\AppData\Local\Programs\Python\Python310\lib\site-packages\django\db\backends\base\base.py", line 255, in connect
    self.connection = self.get_new_connection(conn_params)
  File "C:\Users\youss\AppData\Local\Programs\Python\Python310\lib\site-packages\django\utils\asyncio.py", line 26, in inner
    return func(*args, **kwargs)
  File "C:\Users\youss\AppData\Local\Programs\Python\Python310\lib\site-packages\django\db\backends\postgresql\base.py", line 332, in get_new_connection
    connection = self.Database.connect(**conn_params)
  File "C:\Users\youss\AppData\Local\Programs\Python\Python310\lib\site-packages\psycopg\connection.py", line 122, in connect
    raise last_ex.with_traceback(None)
psycopg.errors.ConnectionTimeout: connection timeout expired

The above exception was the direct cause of the following exception:

Traceback (most recent call last):
  File "C:\Users\youss\AppData\Local\Programs\Python\Python310\lib\site-packages\django\core\handlers\exception.py", line 55, in inner
    response = get_response(request)
  File "C:\Users\youss\AppData\Local\Programs\Python\Python310\lib\site-packages\django\core\handlers\base.py", line 197, in _get_response
    response = wrapped_callback(request, *callback_args, **callback_kwargs)
  File "C:\Users\youss\AppData\Local\Programs\Python\Python310\lib\site-packages\django\views\decorators\csrf.py", line 65, in _view_wrapper
    return view_func(request, *args, **kwargs)
  File "C:\Users\youss\AppData\Local\Programs\Python\Python310\lib\site-packages\django\views\generic\base.py", line 105, in view
    return self.dispatch(request, *args, **kwargs)
  File "C:\Users\youss\AppData\Local\Programs\Python\Python310\lib\site-packages\rest_framework\views.py", line 515, in dispatch
    response = self.handle_exception(exc)
  File "C:\Users\youss\AppData\Local\Programs\Python\Python310\lib\site-packages\rest_framework\views.py", line 475, in handle_exception
    self.raise_uncaught_exception(exc)
  File "C:\Users\youss\AppData\Local\Programs\Python\Python310\lib\site-packages\rest_framework\views.py", line 486, in raise_uncaught_exception
    raise exc
  File "C:\Users\youss\AppData\Local\Programs\Python\Python310\lib\site-packages\rest_framework\views.py", line 503, in dispatch
    self.initial(request, *args, **kwargs)
  File "C:\Users\youss\AppData\Local\Programs\Python\Python310\lib\site-packages\rest_framework\views.py", line 420, in initial
    self.perform_authentication(request)
  File "C:\Users\youss\AppData\Local\Programs\Python\Python310\lib\site-packages\rest_framework\views.py", line 330, in perform_authentication
    request.user
  File "C:\Users\youss\AppData\Local\Programs\Python\Python310\lib\site-packages\rest_framework\request.py", line 232, in user
    self._authenticate()
  File "C:\Users\youss\AppData\Local\Programs\Python\Python310\lib\site-packages\rest_framework\request.py", line 385, in _authenticate
    user_auth_tuple = authenticator.authenticate(self)
  File "C:\Users\youss\AppData\Local\Programs\Python\Python310\lib\site-packages\rest_framework_simplejwt\authentication.py", line 51, in authenticate
    return self.get_user(validated_token), validated_token
  File "C:\Users\youss\AppData\Local\Programs\Python\Python310\lib\site-packages\rest_framework_simplejwt\authentication.py", line 132, in get_user
    user = self.user_model.objects.get(**{api_settings.USER_ID_FIELD: user_id})
  File "C:\Users\youss\AppData\Local\Programs\Python\Python310\lib\site-packages\django\db\models\manager.py", line 87, in manager_method
    return getattr(self.get_queryset(), name)(*args, **kwargs)
  File "C:\Users\youss\AppData\Local\Programs\Python\Python310\lib\site-packages\django\db\models\query.py", line 647, in get
    num = len(clone)
  File "C:\Users\youss\AppData\Local\Programs\Python\Python310\lib\site-packages\django\db\models\query.py", line 384, in __len__
    self._fetch_all()
  File "C:\Users\youss\AppData\Local\Programs\Python\Python310\lib\site-packages\django\db\models\query.py", line 1933, in _fetch_all
    self._result_cache = list(self._iterable_class(self))
  File "C:\Users\youss\AppData\Local\Programs\Python\Python310\lib\site-packages\django\db\models\query.py", line 93, in __iter__
    results = compiler.execute_sql(
  File "C:\Users\youss\AppData\Local\Programs\Python\Python310\lib\site-packages\django\db\models\sql\compiler.py", line 1572, in execute_sql
    cursor = self.connection.cursor()
  File "C:\Users\youss\AppData\Local\Programs\Python\Python310\lib\site-packages\django\utils\asyncio.py", line 26, in inner
    return func(*args, **kwargs)
  File "C:\Users\youss\AppData\Local\Programs\Python\Python310\lib\site-packages\django\db\backends\base\base.py", line 319, in cursor
    return self._cursor()
  File "C:\Users\youss\AppData\Local\Programs\Python\Python310\lib\site-packages\django\db\backends\base\base.py", line 295, in _cursor
    self.ensure_connection()
  File "C:\Users\youss\AppData\Local\Programs\Python\Python310\lib\site-packages\django\utils\asyncio.py", line 26, in inner
    return func(*args, **kwargs)
  File "C:\Users\youss\AppData\Local\Programs\Python\Python310\lib\site-packages\django\db\backends\base\base.py", line 277, in ensure_connection
    with self.wrap_database_errors:
  File "C:\Users\youss\AppData\Local\Programs\Python\Python310\lib\site-packages\django\db\utils.py", line 91, in __exit__
    raise dj_exc_value.with_traceback(traceback) from exc_value
  File "C:\Users\youss\AppData\Local\Programs\Python\Python310\lib\site-packages\django\db\backends\base\base.py", line 278, in ensure_connection
    self.connect()
  File "C:\Users\youss\AppData\Local\Programs\Python\Python310\lib\site-packages\django\utils\asyncio.py", line 26, in inner
    return func(*args, **kwargs)
  File "C:\Users\youss\AppData\Local\Programs\Python\Python310\lib\site-packages\django\db\backends\base\base.py", line 255, in connect
    self.connection = self.get_new_connection(conn_params)
  File "C:\Users\youss\AppData\Local\Programs\Python\Python310\lib\site-packages\django\utils\asyncio.py", line 26, in inner
    return func(*args, **kwargs)
  File "C:\Users\youss\AppData\Local\Programs\Python\Python310\lib\site-packages\django\db\backends\postgresql\base.py", line 332, in get_new_connection
    connection = self.Database.connect(**conn_params)
  File "C:\Users\youss\AppData\Local\Programs\Python\Python310\lib\site-packages\psycopg\connection.py", line 122, in connect
    raise last_ex.with_traceback(None)
django.db.utils.OperationalError: connection timeout expired
[20/May/2026 15:09:03,448] - Broken pipe from ('127.0.0.1', 64503)
Internal Server Error: /api/master-data/currencies/
Traceback (most recent call last):
  File "C:\Users\youss\AppData\Local\Programs\Python\Python310\lib\site-packages\django\db\backends\base\base.py", line 278, in ensure_connection
    self.connect()
  File "C:\Users\youss\AppData\Local\Programs\Python\Python310\lib\site-packages\django\utils\asyncio.py", line 26, in inner
    return func(*args, **kwargs)
  File "C:\Users\youss\AppData\Local\Programs\Python\Python310\lib\site-packages\django\db\backends\base\base.py", line 255, in connect
    self.connection = self.get_new_connection(conn_params)
  File "C:\Users\youss\AppData\Local\Programs\Python\Python310\lib\site-packages\django\utils\asyncio.py", line 26, in inner
    return func(*args, **kwargs)
  File "C:\Users\youss\AppData\Local\Programs\Python\Python310\lib\site-packages\django\db\backends\postgresql\base.py", line 332, in get_new_connection
    connection = self.Database.connect(**conn_params)
  File "C:\Users\youss\AppData\Local\Programs\Python\Python310\lib\site-packages\psycopg\connection.py", line 122, in connect
    raise last_ex.with_traceback(None)
psycopg.errors.ConnectionTimeout: connection timeout expired

The above exception was the direct cause of the following exception:

Traceback (most recent call last):
  File "C:\Users\youss\AppData\Local\Programs\Python\Python310\lib\site-packages\django\core\handlers\exception.py", line 55, in inner
    response = get_response(request)
  File "C:\Users\youss\AppData\Local\Programs\Python\Python310\lib\site-packages\django\core\handlers\base.py", line 197, in _get_response
    response = wrapped_callback(request, *callback_args, **callback_kwargs)
  File "C:\Users\youss\AppData\Local\Programs\Python\Python310\lib\site-packages\django\views\decorators\csrf.py", line 65, in _view_wrapper
    return view_func(request, *args, **kwargs)
  File "C:\Users\youss\AppData\Local\Programs\Python\Python310\lib\site-packages\django\views\generic\base.py", line 105, in view
    return self.dispatch(request, *args, **kwargs)
  File "C:\Users\youss\AppData\Local\Programs\Python\Python310\lib\site-packages\rest_framework\views.py", line 515, in dispatch
    response = self.handle_exception(exc)
  File "C:\Users\youss\AppData\Local\Programs\Python\Python310\lib\site-packages\rest_framework\views.py", line 475, in handle_exception
    self.raise_uncaught_exception(exc)
  File "C:\Users\youss\AppData\Local\Programs\Python\Python310\lib\site-packages\rest_framework\views.py", line 486, in raise_uncaught_exception
    raise exc
  File "C:\Users\youss\AppData\Local\Programs\Python\Python310\lib\site-packages\rest_framework\views.py", line 503, in dispatch
    self.initial(request, *args, **kwargs)
  File "C:\Users\youss\AppData\Local\Programs\Python\Python310\lib\site-packages\rest_framework\views.py", line 420, in initial
    self.perform_authentication(request)
  File "C:\Users\youss\AppData\Local\Programs\Python\Python310\lib\site-packages\rest_framework\views.py", line 330, in perform_authentication
    request.user
  File "C:\Users\youss\AppData\Local\Programs\Python\Python310\lib\site-packages\rest_framework\request.py", line 232, in user
    self._authenticate()
  File "C:\Users\youss\AppData\Local\Programs\Python\Python310\lib\site-packages\rest_framework\request.py", line 385, in _authenticate
    user_auth_tuple = authenticator.authenticate(self)
  File "C:\Users\youss\AppData\Local\Programs\Python\Python310\lib\site-packages\rest_framework_simplejwt\authentication.py", line 51, in authenticate
    return self.get_user(validated_token), validated_token
  File "C:\Users\youss\AppData\Local\Programs\Python\Python310\lib\site-packages\rest_framework_simplejwt\authentication.py", line 132, in get_user
    user = self.user_model.objects.get(**{api_settings.USER_ID_FIELD: user_id})
  File "C:\Users\youss\AppData\Local\Programs\Python\Python310\lib\site-packages\django\db\models\manager.py", line 87, in manager_method
    return getattr(self.get_queryset(), name)(*args, **kwargs)
  File "C:\Users\youss\AppData\Local\Programs\Python\Python310\lib\site-packages\django\db\models\query.py", line 647, in get
    num = len(clone)
  File "C:\Users\youss\AppData\Local\Programs\Python\Python310\lib\site-packages\django\db\models\query.py", line 384, in __len__
    self._fetch_all()
  File "C:\Users\youss\AppData\Local\Programs\Python\Python310\lib\site-packages\django\db\models\query.py", line 1933, in _fetch_all
    self._result_cache = list(self._iterable_class(self))
  File "C:\Users\youss\AppData\Local\Programs\Python\Python310\lib\site-packages\django\db\models\query.py", line 93, in __iter__
    results = compiler.execute_sql(
  File "C:\Users\youss\AppData\Local\Programs\Python\Python310\lib\site-packages\django\db\models\sql\compiler.py", line 1572, in execute_sql
    cursor = self.connection.cursor()
  File "C:\Users\youss\AppData\Local\Programs\Python\Python310\lib\site-packages\django\utils\asyncio.py", line 26, in inner
    return func(*args, **kwargs)
  File "C:\Users\youss\AppData\Local\Programs\Python\Python310\lib\site-packages\django\db\backends\base\base.py", line 319, in cursor
    return self._cursor()
  File "C:\Users\youss\AppData\Local\Programs\Python\Python310\lib\site-packages\django\db\backends\base\base.py", line 295, in _cursor
    self.ensure_connection()
  File "C:\Users\youss\AppData\Local\Programs\Python\Python310\lib\site-packages\django\utils\asyncio.py", line 26, in inner
    return func(*args, **kwargs)
  File "C:\Users\youss\AppData\Local\Programs\Python\Python310\lib\site-packages\django\db\backends\base\base.py", line 277, in ensure_connection
    with self.wrap_database_errors:
  File "C:\Users\youss\AppData\Local\Programs\Python\Python310\lib\site-packages\django\db\utils.py", line 91, in __exit__
    raise dj_exc_value.with_traceback(traceback) from exc_value
  File "C:\Users\youss\AppData\Local\Programs\Python\Python310\lib\site-packages\django\db\backends\base\base.py", line 278, in ensure_connection
    self.connect()
  File "C:\Users\youss\AppData\Local\Programs\Python\Python310\lib\site-packages\django\utils\asyncio.py", line 26, in inner
    return func(*args, **kwargs)
  File "C:\Users\youss\AppData\Local\Programs\Python\Python310\lib\site-packages\django\db\backends\base\base.py", line 255, in connect
    self.connection = self.get_new_connection(conn_params)
  File "C:\Users\youss\AppData\Local\Programs\Python\Python310\lib\site-packages\django\utils\asyncio.py", line 26, in inner
    return func(*args, **kwargs)
  File "C:\Users\youss\AppData\Local\Programs\Python\Python310\lib\site-packages\django\db\backends\postgresql\base.py", line 332, in get_new_connection
    connection = self.Database.connect(**conn_params)
  File "C:\Users\youss\AppData\Local\Programs\Python\Python310\lib\site-packages\psycopg\connection.py", line 122, in connect
    raise last_ex.with_traceback(None)
django.db.utils.OperationalError: connection timeout expired
[20/May/2026 15:09:43,867] - Broken pipe from ('127.0.0.1', 64492)
Internal Server Error: /api/auth/me/
Traceback (most recent call last):
  File "C:\Users\youss\AppData\Local\Programs\Python\Python310\lib\site-packages\django\db\backends\base\base.py", line 278, in ensure_connection
    self.connect()
  File "C:\Users\youss\AppData\Local\Programs\Python\Python310\lib\site-packages\django\utils\asyncio.py", line 26, in inner
    return func(*args, **kwargs)
  File "C:\Users\youss\AppData\Local\Programs\Python\Python310\lib\site-packages\django\db\backends\base\base.py", line 255, in connect
    self.connection = self.get_new_connection(conn_params)
  File "C:\Users\youss\AppData\Local\Programs\Python\Python310\lib\site-packages\django\utils\asyncio.py", line 26, in inner
    return func(*args, **kwargs)
  File "C:\Users\youss\AppData\Local\Programs\Python\Python310\lib\site-packages\django\db\backends\postgresql\base.py", line 332, in get_new_connection
    connection = self.Database.connect(**conn_params)
  File "C:\Users\youss\AppData\Local\Programs\Python\Python310\lib\site-packages\psycopg\connection.py", line 122, in connect
    raise last_ex.with_traceback(None)
psycopg.errors.ConnectionTimeout: connection timeout expired

The above exception was the direct cause of the following exception:

Traceback (most recent call last):
  File "C:\Users\youss\AppData\Local\Programs\Python\Python310\lib\site-packages\django\core\handlers\exception.py", line 55, in inner
    response = get_response(request)
  File "C:\Users\youss\AppData\Local\Programs\Python\Python310\lib\site-packages\django\core\handlers\base.py", line 197, in _get_response
    response = wrapped_callback(request, *callback_args, **callback_kwargs)
  File "C:\Users\youss\AppData\Local\Programs\Python\Python310\lib\site-packages\django\views\decorators\csrf.py", line 65, in _view_wrapper
    return view_func(request, *args, **kwargs)
  File "C:\Users\youss\AppData\Local\Programs\Python\Python310\lib\site-packages\django\views\generic\base.py", line 105, in view
    return self.dispatch(request, *args, **kwargs)
  File "C:\Users\youss\AppData\Local\Programs\Python\Python310\lib\site-packages\rest_framework\views.py", line 515, in dispatch
    response = self.handle_exception(exc)
  File "C:\Users\youss\AppData\Local\Programs\Python\Python310\lib\site-packages\rest_framework\views.py", line 475, in handle_exception
    self.raise_uncaught_exception(exc)
  File "C:\Users\youss\AppData\Local\Programs\Python\Python310\lib\site-packages\rest_framework\views.py", line 486, in raise_uncaught_exception
    raise exc
  File "C:\Users\youss\AppData\Local\Programs\Python\Python310\lib\site-packages\rest_framework\views.py", line 503, in dispatch
    self.initial(request, *args, **kwargs)
  File "C:\Users\youss\AppData\Local\Programs\Python\Python310\lib\site-packages\rest_framework\views.py", line 420, in initial
    self.perform_authentication(request)
  File "C:\Users\youss\AppData\Local\Programs\Python\Python310\lib\site-packages\rest_framework\views.py", line 330, in perform_authentication
    request.user
  File "C:\Users\youss\AppData\Local\Programs\Python\Python310\lib\site-packages\rest_framework\request.py", line 232, in user
    self._authenticate()
  File "C:\Users\youss\AppData\Local\Programs\Python\Python310\lib\site-packages\rest_framework\request.py", line 385, in _authenticate
    user_auth_tuple = authenticator.authenticate(self)
  File "C:\Users\youss\AppData\Local\Programs\Python\Python310\lib\site-packages\rest_framework_simplejwt\authentication.py", line 51, in authenticate
    return self.get_user(validated_token), validated_token
  File "C:\Users\youss\AppData\Local\Programs\Python\Python310\lib\site-packages\rest_framework_simplejwt\authentication.py", line 132, in get_user
    user = self.user_model.objects.get(**{api_settings.USER_ID_FIELD: user_id})
  File "C:\Users\youss\AppData\Local\Programs\Python\Python310\lib\site-packages\django\db\models\manager.py", line 87, in manager_method
    return getattr(self.get_queryset(), name)(*args, **kwargs)
  File "C:\Users\youss\AppData\Local\Programs\Python\Python310\lib\site-packages\django\db\models\query.py", line 647, in get
    num = len(clone)
  File "C:\Users\youss\AppData\Local\Programs\Python\Python310\lib\site-packages\django\db\models\query.py", line 384, in __len__
    self._fetch_all()
  File "C:\Users\youss\AppData\Local\Programs\Python\Python310\lib\site-packages\django\db\models\query.py", line 1933, in _fetch_all
    self._result_cache = list(self._iterable_class(self))
  File "C:\Users\youss\AppData\Local\Programs\Python\Python310\lib\site-packages\django\db\models\query.py", line 93, in __iter__
    results = compiler.execute_sql(
  File "C:\Users\youss\AppData\Local\Programs\Python\Python310\lib\site-packages\django\db\models\sql\compiler.py", line 1572, in execute_sql
    cursor = self.connection.cursor()
  File "C:\Users\youss\AppData\Local\Programs\Python\Python310\lib\site-packages\django\utils\asyncio.py", line 26, in inner
    return func(*args, **kwargs)
  File "C:\Users\youss\AppData\Local\Programs\Python\Python310\lib\site-packages\django\db\backends\base\base.py", line 319, in cursor
    return self._cursor()
  File "C:\Users\youss\AppData\Local\Programs\Python\Python310\lib\site-packages\django\db\backends\base\base.py", line 295, in _cursor
    self.ensure_connection()
  File "C:\Users\youss\AppData\Local\Programs\Python\Python310\lib\site-packages\django\utils\asyncio.py", line 26, in inner
    return func(*args, **kwargs)
  File "C:\Users\youss\AppData\Local\Programs\Python\Python310\lib\site-packages\django\db\backends\base\base.py", line 277, in ensure_connection
    with self.wrap_database_errors:
  File "C:\Users\youss\AppData\Local\Programs\Python\Python310\lib\site-packages\django\db\utils.py", line 91, in __exit__
    raise dj_exc_value.with_traceback(traceback) from exc_value
  File "C:\Users\youss\AppData\Local\Programs\Python\Python310\lib\site-packages\django\db\backends\base\base.py", line 278, in ensure_connection
    self.connect()
  File "C:\Users\youss\AppData\Local\Programs\Python\Python310\lib\site-packages\django\utils\asyncio.py", line 26, in inner
    return func(*args, **kwargs)
  File "C:\Users\youss\AppData\Local\Programs\Python\Python310\lib\site-packages\django\db\backends\base\base.py", line 255, in connect
    self.connection = self.get_new_connection(conn_params)
  File "C:\Users\youss\AppData\Local\Programs\Python\Python310\lib\site-packages\django\utils\asyncio.py", line 26, in inner
    return func(*args, **kwargs)
  File "C:\Users\youss\AppData\Local\Programs\Python\Python310\lib\site-packages\django\db\backends\postgresql\base.py", line 332, in get_new_connection
    connection = self.Database.connect(**conn_params)
  File "C:\Users\youss\AppData\Local\Programs\Python\Python310\lib\site-packages\psycopg\connection.py", line 122, in connect
    raise last_ex.with_traceback(None)
django.db.utils.OperationalError: connection timeout expired
[20/May/2026 15:09:45,919] - Broken pipe from ('127.0.0.1', 55429)
[20/May/2026 15:10:02] "OPTIONS /api/auth/login/ HTTP/1.1" 200 0
[20/May/2026 15:10:07,902] - Broken pipe from ('127.0.0.1', 64827)
[20/May/2026 15:10:10] "OPTIONS /api/auth/login/ HTTP/1.1" 200 0
Internal Server Error: /api/auth/login/
Traceback (most recent call last):
  File "C:\Users\youss\AppData\Local\Programs\Python\Python310\lib\site-packages\django\db\backends\base\base.py", line 278, in ensure_connection
    self.connect()
  File "C:\Users\youss\AppData\Local\Programs\Python\Python310\lib\site-packages\django\utils\asyncio.py", line 26, in inner
    return func(*args, **kwargs)
  File "C:\Users\youss\AppData\Local\Programs\Python\Python310\lib\site-packages\django\db\backends\base\base.py", line 255, in connect
    self.connection = self.get_new_connection(conn_params)
  File "C:\Users\youss\AppData\Local\Programs\Python\Python310\lib\site-packages\django\utils\asyncio.py", line 26, in inner
    return func(*args, **kwargs)
  File "C:\Users\youss\AppData\Local\Programs\Python\Python310\lib\site-packages\django\db\backends\postgresql\base.py", line 332, in get_new_connection
    connection = self.Database.connect(**conn_params)
  File "C:\Users\youss\AppData\Local\Programs\Python\Python310\lib\site-packages\psycopg\connection.py", line 122, in connect
    raise last_ex.with_traceback(None)
psycopg.errors.ConnectionTimeout: connection timeout expired

The above exception was the direct cause of the following exception:

Traceback (most recent call last):
  File "C:\Users\youss\AppData\Local\Programs\Python\Python310\lib\site-packages\django\core\handlers\exception.py", line 55, in inner
    response = get_response(request)
  File "C:\Users\youss\AppData\Local\Programs\Python\Python310\lib\site-packages\django\core\handlers\base.py", line 197, in _get_response
    response = wrapped_callback(request, *callback_args, **callback_kwargs)
  File "C:\Users\youss\AppData\Local\Programs\Python\Python310\lib\site-packages\django\views\decorators\csrf.py", line 65, in _view_wrapper
    return view_func(request, *args, **kwargs)
  File "C:\Users\youss\AppData\Local\Programs\Python\Python310\lib\site-packages\django\views\generic\base.py", line 105, in view
    return self.dispatch(request, *args, **kwargs)
  File "C:\Users\youss\AppData\Local\Programs\Python\Python310\lib\site-packages\rest_framework\views.py", line 515, in dispatch
    response = self.handle_exception(exc)
  File "C:\Users\youss\AppData\Local\Programs\Python\Python310\lib\site-packages\rest_framework\views.py", line 475, in handle_exception
    self.raise_uncaught_exception(exc)
  File "C:\Users\youss\AppData\Local\Programs\Python\Python310\lib\site-packages\rest_framework\views.py", line 486, in raise_uncaught_exception
    raise exc
  File "C:\Users\youss\AppData\Local\Programs\Python\Python310\lib\site-packages\rest_framework\views.py", line 512, in dispatch
    response = handler(request, *args, **kwargs)
  File "C:\Users\youss\AppData\Local\Programs\Python\Python310\lib\site-packages\rest_framework_simplejwt\views.py", line 46, in post
    serializer.is_valid(raise_exception=True)
  File "C:\Users\youss\AppData\Local\Programs\Python\Python310\lib\site-packages\rest_framework\serializers.py", line 225, in is_valid
    self._validated_data = self.run_validation(self.initial_data)
  File "C:\Users\youss\AppData\Local\Programs\Python\Python310\lib\site-packages\rest_framework\serializers.py", line 459, in run_validation
    value = self.validate(value)
  File "D:\Youssef\Work\BIM Hive\CRM V2\backend\apps\accounts\serializers.py", line 327, in validate
    user = authenticate(**credentials)
  File "C:\Users\youss\AppData\Local\Programs\Python\Python310\lib\site-packages\django\views\decorators\debug.py", line 75, in sensitive_variables_wrapper
    return func(*func_args, **func_kwargs)
  File "C:\Users\youss\AppData\Local\Programs\Python\Python310\lib\site-packages\django\contrib\auth\__init__.py", line 79, in authenticate
    user = backend.authenticate(request, **credentials)
  File "C:\Users\youss\AppData\Local\Programs\Python\Python310\lib\site-packages\django\contrib\auth\backends.py", line 42, in authenticate
    user = UserModel._default_manager.get_by_natural_key(username)
  File "C:\Users\youss\AppData\Local\Programs\Python\Python310\lib\site-packages\django\contrib\auth\base_user.py", line 37, in get_by_natural_key
    return self.get(**{self.model.USERNAME_FIELD: username})
  File "C:\Users\youss\AppData\Local\Programs\Python\Python310\lib\site-packages\django\db\models\manager.py", line 87, in manager_method
    return getattr(self.get_queryset(), name)(*args, **kwargs)
  File "C:\Users\youss\AppData\Local\Programs\Python\Python310\lib\site-packages\django\db\models\query.py", line 647, in get
    num = len(clone)
  File "C:\Users\youss\AppData\Local\Programs\Python\Python310\lib\site-packages\django\db\models\query.py", line 384, in __len__
    self._fetch_all()
  File "C:\Users\youss\AppData\Local\Programs\Python\Python310\lib\site-packages\django\db\models\query.py", line 1933, in _fetch_all
    self._result_cache = list(self._iterable_class(self))
  File "C:\Users\youss\AppData\Local\Programs\Python\Python310\lib\site-packages\django\db\models\query.py", line 93, in __iter__
    results = compiler.execute_sql(
  File "C:\Users\youss\AppData\Local\Programs\Python\Python310\lib\site-packages\django\db\models\sql\compiler.py", line 1572, in execute_sql
    cursor = self.connection.cursor()
  File "C:\Users\youss\AppData\Local\Programs\Python\Python310\lib\site-packages\django\utils\asyncio.py", line 26, in inner
    return func(*args, **kwargs)
  File "C:\Users\youss\AppData\Local\Programs\Python\Python310\lib\site-packages\django\db\backends\base\base.py", line 319, in cursor
    return self._cursor()
  File "C:\Users\youss\AppData\Local\Programs\Python\Python310\lib\site-packages\django\db\backends\base\base.py", line 295, in _cursor
    self.ensure_connection()
  File "C:\Users\youss\AppData\Local\Programs\Python\Python310\lib\site-packages\django\utils\asyncio.py", line 26, in inner
    return func(*args, **kwargs)
  File "C:\Users\youss\AppData\Local\Programs\Python\Python310\lib\site-packages\django\db\backends\base\base.py", line 277, in ensure_connection
    with self.wrap_database_errors:
  File "C:\Users\youss\AppData\Local\Programs\Python\Python310\lib\site-packages\django\db\utils.py", line 91, in __exit__
    raise dj_exc_value.with_traceback(traceback) from exc_value
  File "C:\Users\youss\AppData\Local\Programs\Python\Python310\lib\site-packages\django\db\backends\base\base.py", line 278, in ensure_connection
    self.connect()
  File "C:\Users\youss\AppData\Local\Programs\Python\Python310\lib\site-packages\django\utils\asyncio.py", line 26, in inner
    return func(*args, **kwargs)
  File "C:\Users\youss\AppData\Local\Programs\Python\Python310\lib\site-packages\django\db\backends\base\base.py", line 255, in connect
    self.connection = self.get_new_connection(conn_params)
  File "C:\Users\youss\AppData\Local\Programs\Python\Python310\lib\site-packages\django\utils\asyncio.py", line 26, in inner
    return func(*args, **kwargs)
  File "C:\Users\youss\AppData\Local\Programs\Python\Python310\lib\site-packages\django\db\backends\postgresql\base.py", line 332, in get_new_connection
    connection = self.Database.connect(**conn_params)
  File "C:\Users\youss\AppData\Local\Programs\Python\Python310\lib\site-packages\psycopg\connection.py", line 122, in connect
    raise last_ex.with_traceback(None)
django.db.utils.OperationalError: connection timeout expired
[20/May/2026 15:12:30] "POST /api/auth/login/ HTTP/1.1" 500 243689
Internal Server Error: /api/auth/me/
Traceback (most recent call last):
  File "C:\Users\youss\AppData\Local\Programs\Python\Python310\lib\site-packages\django\db\backends\base\base.py", line 278, in ensure_connection
    self.connect()
  File "C:\Users\youss\AppData\Local\Programs\Python\Python310\lib\site-packages\django\utils\asyncio.py", line 26, in inner
    return func(*args, **kwargs)
  File "C:\Users\youss\AppData\Local\Programs\Python\Python310\lib\site-packages\django\db\backends\base\base.py", line 255, in connect
    self.connection = self.get_new_connection(conn_params)
  File "C:\Users\youss\AppData\Local\Programs\Python\Python310\lib\site-packages\django\utils\asyncio.py", line 26, in inner
    return func(*args, **kwargs)
  File "C:\Users\youss\AppData\Local\Programs\Python\Python310\lib\site-packages\django\db\backends\postgresql\base.py", line 332, in get_new_connection
    connection = self.Database.connect(**conn_params)
  File "C:\Users\youss\AppData\Local\Programs\Python\Python310\lib\site-packages\psycopg\connection.py", line 122, in connect
    raise last_ex.with_traceback(None)
psycopg.errors.ConnectionTimeout: connection timeout expired

The above exception was the direct cause of the following exception:

Traceback (most recent call last):
  File "C:\Users\youss\AppData\Local\Programs\Python\Python310\lib\site-packages\django\core\handlers\exception.py", line 55, in inner
    response = get_response(request)
  File "C:\Users\youss\AppData\Local\Programs\Python\Python310\lib\site-packages\django\core\handlers\base.py", line 197, in _get_response
    response = wrapped_callback(request, *callback_args, **callback_kwargs)
  File "C:\Users\youss\AppData\Local\Programs\Python\Python310\lib\site-packages\django\views\decorators\csrf.py", line 65, in _view_wrapper
    return view_func(request, *args, **kwargs)
  File "C:\Users\youss\AppData\Local\Programs\Python\Python310\lib\site-packages\django\views\generic\base.py", line 105, in view
    return self.dispatch(request, *args, **kwargs)
  File "C:\Users\youss\AppData\Local\Programs\Python\Python310\lib\site-packages\rest_framework\views.py", line 515, in dispatch
    response = self.handle_exception(exc)
  File "C:\Users\youss\AppData\Local\Programs\Python\Python310\lib\site-packages\rest_framework\views.py", line 475, in handle_exception
    self.raise_uncaught_exception(exc)
  File "C:\Users\youss\AppData\Local\Programs\Python\Python310\lib\site-packages\rest_framework\views.py", line 486, in raise_uncaught_exception
    raise exc
  File "C:\Users\youss\AppData\Local\Programs\Python\Python310\lib\site-packages\rest_framework\views.py", line 503, in dispatch
    self.initial(request, *args, **kwargs)
  File "C:\Users\youss\AppData\Local\Programs\Python\Python310\lib\site-packages\rest_framework\views.py", line 420, in initial
    self.perform_authentication(request)
  File "C:\Users\youss\AppData\Local\Programs\Python\Python310\lib\site-packages\rest_framework\views.py", line 330, in perform_authentication
    request.user
  File "C:\Users\youss\AppData\Local\Programs\Python\Python310\lib\site-packages\rest_framework\request.py", line 232, in user
    self._authenticate()
  File "C:\Users\youss\AppData\Local\Programs\Python\Python310\lib\site-packages\rest_framework\request.py", line 385, in _authenticate
    user_auth_tuple = authenticator.authenticate(self)
  File "C:\Users\youss\AppData\Local\Programs\Python\Python310\lib\site-packages\rest_framework_simplejwt\authentication.py", line 51, in authenticate
    return self.get_user(validated_token), validated_token
  File "C:\Users\youss\AppData\Local\Programs\Python\Python310\lib\site-packages\rest_framework_simplejwt\authentication.py", line 132, in get_user
    user = self.user_model.objects.get(**{api_settings.USER_ID_FIELD: user_id})
  File "C:\Users\youss\AppData\Local\Programs\Python\Python310\lib\site-packages\django\db\models\manager.py", line 87, in manager_method
    return getattr(self.get_queryset(), name)(*args, **kwargs)
  File "C:\Users\youss\AppData\Local\Programs\Python\Python310\lib\site-packages\django\db\models\query.py", line 647, in get
    num = len(clone)
  File "C:\Users\youss\AppData\Local\Programs\Python\Python310\lib\site-packages\django\db\models\query.py", line 384, in __len__
    self._fetch_all()
  File "C:\Users\youss\AppData\Local\Programs\Python\Python310\lib\site-packages\django\db\models\query.py", line 1933, in _fetch_all
    self._result_cache = list(self._iterable_class(self))
  File "C:\Users\youss\AppData\Local\Programs\Python\Python310\lib\site-packages\django\db\models\query.py", line 93, in __iter__
    results = compiler.execute_sql(
  File "C:\Users\youss\AppData\Local\Programs\Python\Python310\lib\site-packages\django\db\models\sql\compiler.py", line 1572, in execute_sql
    cursor = self.connection.cursor()
  File "C:\Users\youss\AppData\Local\Programs\Python\Python310\lib\site-packages\django\utils\asyncio.py", line 26, in inner
    return func(*args, **kwargs)
  File "C:\Users\youss\AppData\Local\Programs\Python\Python310\lib\site-packages\django\db\backends\base\base.py", line 319, in cursor
    return self._cursor()
  File "C:\Users\youss\AppData\Local\Programs\Python\Python310\lib\site-packages\django\db\backends\base\base.py", line 295, in _cursor
    self.ensure_connection()
  File "C:\Users\youss\AppData\Local\Programs\Python\Python310\lib\site-packages\django\utils\asyncio.py", line 26, in inner
    return func(*args, **kwargs)
  File "C:\Users\youss\AppData\Local\Programs\Python\Python310\lib\site-packages\django\db\backends\base\base.py", line 277, in ensure_connection
    with self.wrap_database_errors:
  File "C:\Users\youss\AppData\Local\Programs\Python\Python310\lib\site-packages\django\db\utils.py", line 91, in __exit__
    raise dj_exc_value.with_traceback(traceback) from exc_value
  File "C:\Users\youss\AppData\Local\Programs\Python\Python310\lib\site-packages\django\db\backends\base\base.py", line 278, in ensure_connection
    self.connect()
  File "C:\Users\youss\AppData\Local\Programs\Python\Python310\lib\site-packages\django\utils\asyncio.py", line 26, in inner
    return func(*args, **kwargs)
  File "C:\Users\youss\AppData\Local\Programs\Python\Python310\lib\site-packages\django\db\backends\base\base.py", line 255, in connect
    self.connection = self.get_new_connection(conn_params)
  File "C:\Users\youss\AppData\Local\Programs\Python\Python310\lib\site-packages\django\utils\asyncio.py", line 26, in inner
    return func(*args, **kwargs)
  File "C:\Users\youss\AppData\Local\Programs\Python\Python310\lib\site-packages\django\db\backends\postgresql\base.py", line 332, in get_new_connection
    connection = self.Database.connect(**conn_params)
  File "C:\Users\youss\AppData\Local\Programs\Python\Python310\lib\site-packages\psycopg\connection.py", line 122, in connect
    raise last_ex.with_traceback(None)
django.db.utils.OperationalError: connection timeout expired
[20/May/2026 15:14:16,457] - Broken pipe from ('127.0.0.1', 65448)
Internal Server Error: /api/auth/login/
Traceback (most recent call last):
  File "C:\Users\youss\AppData\Local\Programs\Python\Python310\lib\site-packages\django\db\backends\base\base.py", line 278, in ensure_connection
    self.connect()
  File "C:\Users\youss\AppData\Local\Programs\Python\Python310\lib\site-packages\django\utils\asyncio.py", line 26, in inner
    return func(*args, **kwargs)
  File "C:\Users\youss\AppData\Local\Programs\Python\Python310\lib\site-packages\django\db\backends\base\base.py", line 255, in connect
    self.connection = self.get_new_connection(conn_params)
  File "C:\Users\youss\AppData\Local\Programs\Python\Python310\lib\site-packages\django\utils\asyncio.py", line 26, in inner
    return func(*args, **kwargs)
  File "C:\Users\youss\AppData\Local\Programs\Python\Python310\lib\site-packages\django\db\backends\postgresql\base.py", line 332, in get_new_connection
    connection = self.Database.connect(**conn_params)
  File "C:\Users\youss\AppData\Local\Programs\Python\Python310\lib\site-packages\psycopg\connection.py", line 100, in connect
    attempts = conninfo_attempts(params)
  File "C:\Users\youss\AppData\Local\Programs\Python\Python310\lib\site-packages\psycopg\_conninfo_attempts.py", line 55, in conninfo_attempts
    raise last_exc
psycopg.OperationalError: failed to resolve host 'ballast.proxy.rlwy.net': [Errno 11001] getaddrinfo failed

The above exception was the direct cause of the following exception:

Traceback (most recent call last):
  File "C:\Users\youss\AppData\Local\Programs\Python\Python310\lib\site-packages\django\core\handlers\exception.py", line 55, in inner
    response = get_response(request)
  File "C:\Users\youss\AppData\Local\Programs\Python\Python310\lib\site-packages\django\core\handlers\base.py", line 197, in _get_response
    response = wrapped_callback(request, *callback_args, **callback_kwargs)
  File "C:\Users\youss\AppData\Local\Programs\Python\Python310\lib\site-packages\django\views\decorators\csrf.py", line 65, in _view_wrapper
    return view_func(request, *args, **kwargs)
  File "C:\Users\youss\AppData\Local\Programs\Python\Python310\lib\site-packages\django\views\generic\base.py", line 105, in view
    return self.dispatch(request, *args, **kwargs)
  File "C:\Users\youss\AppData\Local\Programs\Python\Python310\lib\site-packages\rest_framework\views.py", line 515, in dispatch
    response = self.handle_exception(exc)
  File "C:\Users\youss\AppData\Local\Programs\Python\Python310\lib\site-packages\rest_framework\views.py", line 475, in handle_exception
    self.raise_uncaught_exception(exc)
  File "C:\Users\youss\AppData\Local\Programs\Python\Python310\lib\site-packages\rest_framework\views.py", line 486, in raise_uncaught_exception
    raise exc
  File "C:\Users\youss\AppData\Local\Programs\Python\Python310\lib\site-packages\rest_framework\views.py", line 512, in dispatch
    response = handler(request, *args, **kwargs)
  File "C:\Users\youss\AppData\Local\Programs\Python\Python310\lib\site-packages\rest_framework_simplejwt\views.py", line 46, in post
    serializer.is_valid(raise_exception=True)
  File "C:\Users\youss\AppData\Local\Programs\Python\Python310\lib\site-packages\rest_framework\serializers.py", line 225, in is_valid
    self._validated_data = self.run_validation(self.initial_data)
  File "C:\Users\youss\AppData\Local\Programs\Python\Python310\lib\site-packages\rest_framework\serializers.py", line 459, in run_validation
    value = self.validate(value)
  File "D:\Youssef\Work\BIM Hive\CRM V2\backend\apps\accounts\serializers.py", line 327, in validate
    user = authenticate(**credentials)
  File "C:\Users\youss\AppData\Local\Programs\Python\Python310\lib\site-packages\django\views\decorators\debug.py", line 75, in sensitive_variables_wrapper
    return func(*func_args, **func_kwargs)
  File "C:\Users\youss\AppData\Local\Programs\Python\Python310\lib\site-packages\django\contrib\auth\__init__.py", line 79, in authenticate
    user = backend.authenticate(request, **credentials)
  File "C:\Users\youss\AppData\Local\Programs\Python\Python310\lib\site-packages\django\contrib\auth\backends.py", line 42, in authenticate
    user = UserModel._default_manager.get_by_natural_key(username)
  File "C:\Users\youss\AppData\Local\Programs\Python\Python310\lib\site-packages\django\contrib\auth\base_user.py", line 37, in get_by_natural_key
    return self.get(**{self.model.USERNAME_FIELD: username})
  File "C:\Users\youss\AppData\Local\Programs\Python\Python310\lib\site-packages\django\db\models\manager.py", line 87, in manager_method
    return getattr(self.get_queryset(), name)(*args, **kwargs)
  File "C:\Users\youss\AppData\Local\Programs\Python\Python310\lib\site-packages\django\db\models\query.py", line 647, in get
    num = len(clone)
  File "C:\Users\youss\AppData\Local\Programs\Python\Python310\lib\site-packages\django\db\models\query.py", line 384, in __len__
    self._fetch_all()
  File "C:\Users\youss\AppData\Local\Programs\Python\Python310\lib\site-packages\django\db\models\query.py", line 1933, in _fetch_all
    self._result_cache = list(self._iterable_class(self))
  File "C:\Users\youss\AppData\Local\Programs\Python\Python310\lib\site-packages\django\db\models\query.py", line 93, in __iter__
    results = compiler.execute_sql(
  File "C:\Users\youss\AppData\Local\Programs\Python\Python310\lib\site-packages\django\db\models\sql\compiler.py", line 1572, in execute_sql
    cursor = self.connection.cursor()
  File "C:\Users\youss\AppData\Local\Programs\Python\Python310\lib\site-packages\django\utils\asyncio.py", line 26, in inner
    return func(*args, **kwargs)
  File "C:\Users\youss\AppData\Local\Programs\Python\Python310\lib\site-packages\django\db\backends\base\base.py", line 319, in cursor
    return self._cursor()
  File "C:\Users\youss\AppData\Local\Programs\Python\Python310\lib\site-packages\django\db\backends\base\base.py", line 295, in _cursor
    self.ensure_connection()
  File "C:\Users\youss\AppData\Local\Programs\Python\Python310\lib\site-packages\django\utils\asyncio.py", line 26, in inner
    return func(*args, **kwargs)
  File "C:\Users\youss\AppData\Local\Programs\Python\Python310\lib\site-packages\django\db\backends\base\base.py", line 277, in ensure_connection
    with self.wrap_database_errors:
  File "C:\Users\youss\AppData\Local\Programs\Python\Python310\lib\site-packages\django\db\utils.py", line 91, in __exit__
    raise dj_exc_value.with_traceback(traceback) from exc_value
  File "C:\Users\youss\AppData\Local\Programs\Python\Python310\lib\site-packages\django\db\backends\base\base.py", line 278, in ensure_connection
    self.connect()
  File "C:\Users\youss\AppData\Local\Programs\Python\Python310\lib\site-packages\django\utils\asyncio.py", line 26, in inner
    return func(*args, **kwargs)
  File "C:\Users\youss\AppData\Local\Programs\Python\Python310\lib\site-packages\django\db\backends\base\base.py", line 255, in connect
    self.connection = self.get_new_connection(conn_params)
  File "C:\Users\youss\AppData\Local\Programs\Python\Python310\lib\site-packages\django\utils\asyncio.py", line 26, in inner
    return func(*args, **kwargs)
  File "C:\Users\youss\AppData\Local\Programs\Python\Python310\lib\site-packages\django\db\backends\postgresql\base.py", line 332, in get_new_connection
    connection = self.Database.connect(**conn_params)
  File "C:\Users\youss\AppData\Local\Programs\Python\Python310\lib\site-packages\psycopg\connection.py", line 100, in connect
    attempts = conninfo_attempts(params)
  File "C:\Users\youss\AppData\Local\Programs\Python\Python310\lib\site-packages\psycopg\_conninfo_attempts.py", line 55, in conninfo_attempts
    raise last_exc
django.db.utils.OperationalError: failed to resolve host 'ballast.proxy.rlwy.net': [Errno 11001] getaddrinfo failed
[20/May/2026 15:15:39,004] - Broken pipe from ('127.0.0.1', 59627)
D:\Youssef\Work\BIM Hive\CRM V2\backend\apps\pipelines\models.py changed, reloading.
Watching for file changes with StatReloader
D:\Youssef\Work\BIM Hive\CRM V2\backend\apps\pipelines\serializers.py changed, reloading.
Watching for file changes with StatReloader
D:\Youssef\Work\BIM Hive\CRM V2\backend\apps\pipelines\views.py changed, reloading.
Watching for file changes with StatReloader
D:\Youssef\Work\BIM Hive\CRM V2\backend\apps\pipelines\views.py changed, reloading.
Watching for file changes with StatReloader
D:\Youssef\Work\BIM Hive\CRM V2\backend\apps\pipelines\urls.py changed, reloading.
Watching for file changes with StatReloader
D:\Youssef\Work\BIM Hive\CRM V2\backend\apps\deals\serializers.py changed, reloading.
Watching for file changes with StatReloader
D:\Youssef\Work\BIM Hive\CRM V2\backend\apps\crm\serializers.py changed, reloading.
Watching for file changes with StatReloader
D:\Youssef\Work\BIM Hive\CRM V2\backend\apps\contacts\views.py changed, reloading.
Watching for file changes with StatReloader
D:\Youssef\Work\BIM Hive\CRM V2\backend\apps\deals\views.py changed, reloading.
Watching for file changes with StatReloader
D:\Youssef\Work\BIM Hive\CRM V2\backend\apps\pipelines\views.py changed, reloading.
Watching for file changes with StatReloader
D:\Youssef\Work\BIM Hive\CRM V2\backend\apps\accounts\permission_catalog.py changed, reloading.
Watching for file changes with StatReloader
D:\Youssef\Work\BIM Hive\CRM V2\backend\apps\pipelines\views.py changed, reloading.
Watching for file changes with StatReloader
[20/May/2026 17:14:18] "OPTIONS /api/auth/login/ HTTP/1.1" 200 0
[20/May/2026 17:14:21] "POST /api/auth/login/ HTTP/1.1" 200 4096
[20/May/2026 17:14:21] "OPTIONS /api/auth/me/ HTTP/1.1" 200 0
[20/May/2026 17:14:21] "OPTIONS /api/auth/me/ HTTP/1.1" 200 0
[20/May/2026 17:14:21] "GET /api/auth/me/ HTTP/1.1" 200 3599
[20/May/2026 17:14:22] "GET /api/auth/me/ HTTP/1.1" 200 3599
[20/May/2026 17:14:22] "OPTIONS /api/master-data/currencies/?company_id=1 HTTP/1.1" 200 0
[20/May/2026 17:14:22] "OPTIONS /api/master-data/currencies/?company_id=1 HTTP/1.1" 200 0
[20/May/2026 17:14:23] "GET /api/master-data/currencies/?company_id=1 HTTP/1.1" 200 636
[20/May/2026 17:14:23] "GET /api/master-data/currencies/?company_id=1 HTTP/1.1" 200 636
[20/May/2026 17:15:01] "OPTIONS /api/auth/me/ HTTP/1.1" 200 0
[20/May/2026 17:15:03] "GET /api/auth/me/ HTTP/1.1" 200 3599
[20/May/2026 17:15:03] "OPTIONS /api/pipelines/?kind=contacts HTTP/1.1" 200 0
[20/May/2026 17:15:03] "OPTIONS /api/pipelines/?kind=contacts HTTP/1.1" 200 0
[20/May/2026 17:15:05] "GET /api/pipelines/?kind=contacts HTTP/1.1" 200 3248
[20/May/2026 17:15:05] "GET /api/pipelines/?kind=contacts HTTP/1.1" 200 3248
[20/May/2026 17:15:05] "OPTIONS /api/contacts/?page=1&page_size=200&pipeline_id=3 HTTP/1.1" 200 0
[20/May/2026 17:15:06] "GET /api/contacts/?page=1&page_size=200&pipeline_id=3 HTTP/1.1" 200 801
[20/May/2026 17:15:15] "OPTIONS /api/pipelines/invite-options/ HTTP/1.1" 200 0
[20/May/2026 17:15:17] "GET /api/pipelines/invite-options/ HTTP/1.1" 200 4091
[20/May/2026 17:15:17] "OPTIONS /api/pipelines/memberships/?pipeline_id=3 HTTP/1.1" 200 0
[20/May/2026 17:15:17] "GET /api/pipelines/memberships/?pipeline_id=3 HTTP/1.1" 200 2
[20/May/2026 17:50:31] "OPTIONS /api/auth/me/ HTTP/1.1" 200 0
Unauthorized: /api/auth/me/
[20/May/2026 17:50:31] "GET /api/auth/me/ HTTP/1.1" 401 172
[20/May/2026 17:50:31] "OPTIONS /api/auth/refresh/ HTTP/1.1" 200 0
[20/May/2026 17:50:33,206] - Broken pipe from ('127.0.0.1', 57930)
[20/May/2026 17:51:58] "POST /api/auth/login/ HTTP/1.1" 200 4096
[20/May/2026 17:52:16] "POST /api/auth/login/ HTTP/1.1" 200 4096
D:\Youssef\Work\BIM Hive\CRM V2\backend\apps\pipelines\models.py changed, reloading.
Watching for file changes with StatReloader
D:\Youssef\Work\BIM Hive\CRM V2\backend\apps\pipelines\access.py changed, reloading.
Watching for file changes with StatReloader
D:\Youssef\Work\BIM Hive\CRM V2\backend\apps\pipelines\serializers.py changed, reloading.
Watching for file changes with StatReloader
D:\Youssef\Work\BIM Hive\CRM V2\backend\apps\pipelines\serializers.py changed, reloading.
Watching for file changes with StatReloader
Exception in thread django-main-thread:
Traceback (most recent call last):
  File "C:\Users\youss\AppData\Local\Programs\Python\Python310\lib\threading.py", line 1016, in _bootstrap_inner
    self.run()
  File "C:\Users\youss\AppData\Local\Programs\Python\Python310\lib\threading.py", line 953, in run
    self._target(*self._args, **self._kwargs)
  File "C:\Users\youss\AppData\Local\Programs\Python\Python310\lib\site-packages\django\utils\autoreload.py", line 64, in wrapper
    fn(*args, **kwargs)
  File "C:\Users\youss\AppData\Local\Programs\Python\Python310\lib\site-packages\django\core\management\commands\runserver.py", line 134, in inner_run
    self.check(display_num_errors=True)
  File "C:\Users\youss\AppData\Local\Programs\Python\Python310\lib\site-packages\django\core\management\base.py", line 486, in check
    all_issues = checks.run_checks(
  File "C:\Users\youss\AppData\Local\Programs\Python\Python310\lib\site-packages\django\core\checks\registry.py", line 88, in run_checks
    new_errors = check(app_configs=app_configs, databases=databases)
  File "C:\Users\youss\AppData\Local\Programs\Python\Python310\lib\site-packages\django\core\checks\urls.py", line 16, in check_url_config
    return check_resolver(resolver)
  File "C:\Users\youss\AppData\Local\Programs\Python\Python310\lib\site-packages\django\core\checks\urls.py", line 26, in check_resolver
    return check_method()
  File "C:\Users\youss\AppData\Local\Programs\Python\Python310\lib\site-packages\django\urls\resolvers.py", line 531, in check
    for pattern in self.url_patterns:
  File "C:\Users\youss\AppData\Local\Programs\Python\Python310\lib\site-packages\django\utils\functional.py", line 47, in __get__
    res = instance.__dict__[self.name] = self.func(instance)
  File "C:\Users\youss\AppData\Local\Programs\Python\Python310\lib\site-packages\django\urls\resolvers.py", line 718, in url_patterns
    patterns = getattr(self.urlconf_module, "urlpatterns", self.urlconf_module)
  File "C:\Users\youss\AppData\Local\Programs\Python\Python310\lib\site-packages\django\utils\functional.py", line 47, in __get__
    res = instance.__dict__[self.name] = self.func(instance)
  File "C:\Users\youss\AppData\Local\Programs\Python\Python310\lib\site-packages\django\urls\resolvers.py", line 711, in urlconf_module
    return import_module(self.urlconf_name)
  File "C:\Users\youss\AppData\Local\Programs\Python\Python310\lib\importlib\__init__.py", line 126, in import_module
    return _bootstrap._gcd_import(name[level:], package, level)
  File "<frozen importlib._bootstrap>", line 1050, in _gcd_import
  File "<frozen importlib._bootstrap>", line 1027, in _find_and_load
  File "<frozen importlib._bootstrap>", line 1006, in _find_and_load_unlocked
  File "<frozen importlib._bootstrap>", line 688, in _load_unlocked
  File "<frozen importlib._bootstrap_external>", line 883, in exec_module
  File "<frozen importlib._bootstrap>", line 241, in _call_with_frames_removed
  File "D:\Youssef\Work\BIM Hive\CRM V2\backend\config\urls.py", line 19, in <module>
    path("api/pipelines/", include("apps.pipelines.urls")),
  File "C:\Users\youss\AppData\Local\Programs\Python\Python310\lib\site-packages\django\urls\conf.py", line 39, in include
    urlconf_module = import_module(urlconf_module)
  File "C:\Users\youss\AppData\Local\Programs\Python\Python310\lib\importlib\__init__.py", line 126, in import_module
    return _bootstrap._gcd_import(name[level:], package, level)
  File "<frozen importlib._bootstrap>", line 1050, in _gcd_import
  File "<frozen importlib._bootstrap>", line 1027, in _find_and_load
  File "<frozen importlib._bootstrap>", line 1006, in _find_and_load_unlocked
  File "<frozen importlib._bootstrap>", line 688, in _load_unlocked
  File "<frozen importlib._bootstrap_external>", line 883, in exec_module
  File "<frozen importlib._bootstrap>", line 241, in _call_with_frames_removed
  File "D:\Youssef\Work\BIM Hive\CRM V2\backend\apps\pipelines\urls.py", line 3, in <module>
    from apps.pipelines.views import (
  File "D:\Youssef\Work\BIM Hive\CRM V2\backend\apps\pipelines\views.py", line 22, in <module>
    from apps.pipelines.serializers import (
  File "D:\Youssef\Work\BIM Hive\CRM V2\backend\apps\pipelines\serializers.py", line 16, in <module>
    class PipelineSerializer(serializers.ModelSerializer):
  File "D:\Youssef\Work\BIM Hive\CRM V2\backend\apps\pipelines\serializers.py", line 19, in PipelineSerializer
    created_by = PipelineUserSummarySerializer(read_only=True)
NameError: name 'PipelineUserSummarySerializer' is not defined
D:\Youssef\Work\BIM Hive\CRM V2\backend\apps\pipelines\serializers.py changed, reloading.
Watching for file changes with StatReloader
D:\Youssef\Work\BIM Hive\CRM V2\backend\apps\pipelines\views.py changed, reloading.
Watching for file changes with StatReloader
D:\Youssef\Work\BIM Hive\CRM V2\backend\apps\pipelines\views.py changed, reloading.
Watching for file changes with StatReloader
D:\Youssef\Work\BIM Hive\CRM V2\backend\apps\contacts\views.py changed, reloading.
Watching for file changes with StatReloader
D:\Youssef\Work\BIM Hive\CRM V2\backend\apps\deals\views.py changed, reloading.
Watching for file changes with StatReloader
D:\Youssef\Work\BIM Hive\CRM V2\backend\apps\crm\views.py changed, reloading.
Watching for file changes with StatReloader
[20/May/2026 18:15:53] "POST /api/auth/login/ HTTP/1.1" 200 4096
[20/May/2026 18:15:55] "GET /api/pipelines/invite-options/ HTTP/1.1" 200 6614
D:\Youssef\Work\BIM Hive\CRM V2\backend\apps\pipelines\serializers.py changed, reloading.
Watching for file changes with StatReloader
D:\Youssef\Work\BIM Hive\CRM V2\backend\apps\pipelines\views.py changed, reloading.
Watching for file changes with StatReloader
D:\Youssef\Work\BIM Hive\CRM V2\backend\apps\pipelines\access.py changed, reloading.
Watching for file changes with StatReloader
D:\Youssef\Work\BIM Hive\CRM V2\backend\apps\pipelines\access.py changed, reloading.
Watching for file changes with StatReloader
D:\Youssef\Work\BIM Hive\CRM V2\backend\apps\accounts\defaults.py changed, reloading.
Watching for file changes with StatReloader
D:\Youssef\Work\BIM Hive\CRM V2\backend\apps\accounts\defaults.py changed, reloading.
Watching for file changes with StatReloader
D:\Youssef\Work\BIM Hive\CRM V2\backend\apps\accounts\defaults.py changed, reloading.
Watching for file changes with StatReloader
D:\Youssef\Work\BIM Hive\CRM V2\backend\apps\pipelines\views.py changed, reloading.
Watching for file changes with StatReloader
D:\Youssef\Work\BIM Hive\CRM V2\backend\apps\pipelines\views.py changed, reloading.
Watching for file changes with StatReloader
D:\Youssef\Work\BIM Hive\CRM V2\backend\apps\crm\views.py changed, reloading.
Watching for file changes with StatReloader
D:\Youssef\Work\BIM Hive\CRM V2\backend\apps\contacts\views.py changed, reloading.
Watching for file changes with StatReloader
D:\Youssef\Work\BIM Hive\CRM V2\backend\apps\contacts\views.py changed, reloading.
Watching for file changes with StatReloader
