
> frontend@0.1.0 dev
> next dev --port 3000

▲ Next.js 16.2.6 (Turbopack)
- Local:         http://localhost:3000
- Network:       http://192.168.1.55:3000
✓ Ready in 693ms

 GET / 200 in 674ms (next.js: 313ms, application-code: 360ms)
 GET / 200 in 699ms (next.js: 234ms, application-code: 465ms)
 GET / 200 in 88ms (next.js: 11ms, application-code: 77ms)
 GET /dashboard 200 in 74ms (next.js: 42ms, application-code: 33ms)
 GET /settings 200 in 77ms (next.js: 44ms, application-code: 33ms)
✓ Compiled in 227ms
 GET / 200 in 294ms (next.js: 86ms, application-code: 208ms)
 GET /settings 200 in 336ms (next.js: 253ms, application-code: 84ms)
✓ Compiled in 38ms
 GET / 200 in 189ms (next.js: 146ms, application-code: 43ms)
 GET /settings 200 in 195ms (next.js: 89ms, application-code: 106ms)
✓ Compiled in 176ms
✓ Compiled in 321ms
 GET /settings 200 in 213ms (next.js: 7ms, application-code: 206ms)
 GET / 200 in 34ms (next.js: 7ms, application-code: 28ms)
 GET /dashboard 200 in 50ms (next.js: 24ms, application-code: 25ms)
 GET /settings 200 in 29ms (next.js: 5ms, application-code: 24ms)
✓ Compiled in 35ms
 GET / 200 in 302ms (next.js: 252ms, application-code: 50ms)
 GET /settings 200 in 305ms (next.js: 167ms, application-code: 139ms)
✓ Compiled in 39ms
 GET / 200 in 263ms (next.js: 220ms, application-code: 42ms)
 GET /settings 200 in 266ms (next.js: 149ms, application-code: 117ms)
✓ Compiled in 248ms
 GET / 500 in 911ms (next.js: 697ms, application-code: 214ms)
 GET /settings 500 in 937ms (next.js: 895ms, application-code: 42ms)
 GET / 500 in 47ms (next.js: 28ms, application-code: 19ms)
 GET /settings 500 in 64ms (next.js: 44ms, application-code: 19ms)
✓ Compiled in 68ms
 GET / 200 in 746ms (next.js: 148ms, application-code: 599ms)
 GET /settings 200 in 423ms (next.js: 181ms, application-code: 242ms)
 GET /settings 200 in 62ms (next.js: 5ms, application-code: 57ms)
 GET / 200 in 31ms (next.js: 4ms, application-code: 27ms)
 GET /dashboard 200 in 47ms (next.js: 20ms, application-code: 27ms)
 GET /settings 200 in 27ms (next.js: 3ms, application-code: 24ms)
 GET /settings 200 in 58ms (next.js: 4ms, application-code: 54ms)
 GET / 200 in 33ms (next.js: 4ms, application-code: 28ms)
 GET / 200 in 69ms (next.js: 5ms, application-code: 64ms)
 GET / 200 in 50ms (next.js: 4ms, application-code: 47ms)
 GET / 200 in 662ms (next.js: 303ms, application-code: 359ms)
 GET / 200 in 206ms (next.js: 7ms, application-code: 199ms)
 GET / 200 in 145ms (next.js: 7ms, application-code: 138ms)
 GET / 200 in 146ms (next.js: 62ms, application-code: 84ms)
 GET / 200 in 428ms (next.js: 184ms, application-code: 244ms)
 GET / 200 in 283ms (next.js: 7ms, application-code: 276ms)
 GET / 200 in 388ms (next.js: 6ms, application-code: 382ms)
 GET / 200 in 545ms (next.js: 40ms, application-code: 505ms)
 GET / 200 in 696ms (next.js: 63ms, application-code: 633ms)
✓ Finished filesystem cache database compaction in 14.2s
 GET / 200 in 187ms (next.js: 128ms, application-code: 59ms)
 GET / 200 in 193ms (next.js: 138ms, application-code: 55ms)
 GET / 200 in 199ms (next.js: 144ms, application-code: 55ms)
 GET / 200 in 208ms (next.js: 142ms, application-code: 67ms)
 GET / 200 in 267ms (next.js: 115ms, application-code: 152ms)
 GET / 200 in 95ms (next.js: 4ms, application-code: 91ms)
 GET / 200 in 62ms (next.js: 5ms, application-code: 57ms)
 GET / 200 in 62ms (next.js: 29ms, application-code: 34ms)
 GET / 200 in 211ms (next.js: 132ms, application-code: 79ms)
 GET / 200 in 215ms (next.js: 134ms, application-code: 80ms)
 GET / 200 in 170ms (next.js: 111ms, application-code: 59ms)
 GET / 200 in 164ms (next.js: 121ms, application-code: 43ms)
 GET / 200 in 222ms (next.js: 154ms, application-code: 68ms)
 GET / 200 in 175ms (next.js: 114ms, application-code: 61ms)
 GET / 200 in 191ms (next.js: 123ms, application-code: 68ms)
 GET / 200 in 211ms (next.js: 143ms, application-code: 68ms)
 GET / 200 in 176ms (next.js: 122ms, application-code: 53ms)
 GET /dashboard 200 in 172ms (next.js: 130ms, application-code: 41ms)
 GET /pipeline 200 in 212ms (next.js: 39ms, application-code: 173ms)
✓ Compiled in 618ms
 GET /pipeline 200 in 362ms (next.js: 120ms, application-code: 242ms)
 GET /pipeline 200 in 224ms (next.js: 5ms, application-code: 219ms)
 GET /pipeline 200 in 169ms (next.js: 44ms, application-code: 125ms)
 GET /pipeline 200 in 172ms (next.js: 8ms, application-code: 164ms)
 GET /pipeline 200 in 171ms (next.js: 78ms, application-code: 93ms)
 GET /pipeline 200 in 196ms (next.js: 105ms, application-code: 92ms)
 GET /pipeline 200 in 120ms (next.js: 4ms, application-code: 116ms)
 GET /pipeline 200 in 89ms (next.js: 8ms, application-code: 81ms)
 GET /pipeline 200 in 58ms (next.js: 4ms, application-code: 54ms)
 GET /pipeline 200 in 60ms (next.js: 27ms, application-code: 32ms)
✓ Compiled in 37ms
 GET /pipeline 200 in 183ms (next.js: 135ms, application-code: 48ms)
✓ Compiled in 38ms
 GET /pipeline 200 in 370ms (next.js: 154ms, application-code: 216ms)
 GET / 200 in 49ms (next.js: 18ms, application-code: 31ms)
 GET / 200 in 65ms (next.js: 4ms, application-code: 62ms)
 GET / 200 in 329ms (next.js: 143ms, application-code: 185ms)
 GET / 200 in 130ms (next.js: 4ms, application-code: 126ms)
 GET / 200 in 94ms (next.js: 6ms, application-code: 88ms)
 GET / 200 in 94ms (next.js: 62ms, application-code: 31ms)
 GET / 200 in 96ms (next.js: 42ms, application-code: 54ms)
 GET / 200 in 282ms (next.js: 113ms, application-code: 169ms)
 GET / 200 in 154ms (next.js: 4ms, application-code: 150ms)
 GET / 200 in 120ms (next.js: 31ms, application-code: 89ms)
 GET / 200 in 123ms (next.js: 5ms, application-code: 118ms)
 GET / 200 in 123ms (next.js: 57ms, application-code: 66ms)
 GET / 200 in 188ms (next.js: 125ms, application-code: 63ms)
 GET / 200 in 342ms (next.js: 129ms, application-code: 213ms)
 GET / 200 in 152ms (next.js: 5ms, application-code: 147ms)
 GET / 200 in 107ms (next.js: 6ms, application-code: 101ms)
 GET / 200 in 108ms (next.js: 42ms, application-code: 66ms)
 GET / 200 in 108ms (next.js: 72ms, application-code: 37ms)
 GET / 200 in 304ms (next.js: 115ms, application-code: 189ms)
 GET / 200 in 928ms (next.js: 4ms, application-code: 924ms)
 GET / 200 in 1013ms (next.js: 5ms, application-code: 1009ms)
 GET / 200 in 1263ms (next.js: 33ms, application-code: 1230ms)
 GET / 200 in 1703ms (next.js: 62ms, application-code: 1641ms)
 GET / 200 in 295ms (next.js: 97ms, application-code: 198ms)
 GET / 200 in 157ms (next.js: 4ms, application-code: 152ms)
 GET / 200 in 111ms (next.js: 7ms, application-code: 104ms)
 GET / 200 in 111ms (next.js: 40ms, application-code: 70ms)
 GET / 200 in 110ms (next.js: 70ms, application-code: 40ms)
